# JRE version: OpenJDK Runtime Environment (11.0.13) (build 11.0.13+0-b1751.21-8125866)
# Java VM: OpenJDK 64-Bit Server VM (11.0.13+0-b1751.21-8125866, mixed mode, tiered, compressed oops, g1 gc, windows-amd64)
Heap:
 garbage-first heap   total 491520K, used 267409K [0x0000000080000000, 0x0000000100000000)
  region size 1024K, 79 young (80896K), 2 survivors (2048K)
 Metaspace       used 154747K, capacity 159207K, committed 159488K, reserved 1187840K
  class space    used 18569K, capacity 20139K, committed 20224K, reserved 1048576K
GC Heap History (20 events):
Event: 2066.190 GC heap before
{Heap before GC invocations=119 (full 0):
 garbage-first heap   total 491520K, used 297888K [0x0000000080000000, 0x0000000100000000)
  region size 1024K, 96 young (98304K), 2 survivors (2048K)
 Metaspace       used 152339K, capacity 156681K, committed 157056K, reserved 1185792K
  class space    used 18394K, capacity 19933K, committed 20096K, reserved 1048576K
}
Event: 2066.194 GC heap after
{Heap after GC invocations=120 (full 0):
 garbage-first heap   total 491520K, used 204717K [0x0000000080000000, 0x0000000100000000)
  region size 1024K, 5 young (5120K), 5 survivors (5120K)
 Metaspace       used 152339K, capacity 156681K, committed 157056K, reserved 1185792K
  class space    used 18394K, capacity 19933K, committed 20096K, reserved 1048576K
}
Event: 2066.298 GC heap before
{Heap before GC invocations=120 (full 0):
 garbage-first heap   total 491520K, used 224173K [0x0000000080000000, 0x0000000100000000)
  region size 1024K, 24 young (24576K), 5 survivors (5120K)
 Metaspace       used 152340K, capacity 156681K, committed 157056K, reserved 1185792K
  class space    used 18394K, capacity 19933K, committed 20096K, reserved 1048576K
}
Event: 2066.307 GC heap after
{Heap after GC invocations=121 (full 0):
 garbage-first heap   total 491520K, used 183643K [0x0000000080000000, 0x0000000100000000)
  region size 1024K, 1 young (1024K), 1 survivors (1024K)
 Metaspace       used 152340K, capacity 156681K, committed 157056K, reserved 1185792K
  class space    used 18394K, capacity 19933K, committed 20096K, reserved 1048576K
}
Event: 2066.897 GC heap before
{Heap before GC invocations=121 (full 0):
 garbage-first heap   total 491520K, used 325979K [0x0000000080000000, 0x0000000100000000)
  region size 1024K, 140 young (143360K), 1 survivors (1024K)
 Metaspace       used 152361K, capacity 156681K, committed 157056K, reserved 1185792K
  class space    used 18396K, capacity 19933K, committed 20096K, reserved 1048576K
}
Event: 2066.900 GC heap after
{Heap after GC invocations=122 (full 0):
 garbage-first heap   total 491520K, used 183388K [0x0000000080000000, 0x0000000100000000)
  region size 1024K, 1 young (1024K), 1 survivors (1024K)
 Metaspace       used 152361K, capacity 156681K, committed 157056K, reserved 1185792K
  class space    used 18396K, capacity 19933K, committed 20096K, reserved 1048576K
}
Event: 2080.671 GC heap before
{Heap before GC invocations=122 (full 0):
 garbage-first heap   total 491520K, used 311388K [0x0000000080000000, 0x0000000100000000)
  region size 1024K, 127 young (130048K), 1 survivors (1024K)
 Metaspace       used 152774K, capacity 157079K, committed 157312K, reserved 1185792K
  class space    used 18419K, capacity 19963K, committed 20096K, reserved 1048576K
}
Event: 2080.682 GC heap after
{Heap after GC invocations=123 (full 0):
 garbage-first heap   total 491520K, used 189109K [0x0000000080000000, 0x0000000100000000)
  region size 1024K, 8 young (8192K), 8 survivors (8192K)
 Metaspace       used 152774K, capacity 157079K, committed 157312K, reserved 1185792K
  class space    used 18419K, capacity 19963K, committed 20096K, reserved 1048576K
}
Event: 2081.632 GC heap before
{Heap before GC invocations=124 (full 0):
 garbage-first heap   total 491520K, used 352251K [0x0000000080000000, 0x0000000100000000)
  region size 1024K, 164 young (167936K), 8 survivors (8192K)
 Metaspace       used 152867K, capacity 157154K, committed 157312K, reserved 1185792K
  class space    used 18425K, capacity 19965K, committed 20096K, reserved 1048576K
}
Event: 2081.644 GC heap after
{Heap after GC invocations=125 (full 0):
 garbage-first heap   total 491520K, used 189016K [0x0000000080000000, 0x0000000100000000)
  region size 1024K, 9 young (9216K), 9 survivors (9216K)
 Metaspace       used 152867K, capacity 157154K, committed 157312K, reserved 1185792K
  class space    used 18425K, capacity 19965K, committed 20096K, reserved 1048576K
}
Event: 2082.172 GC heap before
{Heap before GC invocations=125 (full 0):
 garbage-first heap   total 491520K, used 203352K [0x0000000080000000, 0x0000000100000000)
  region size 1024K, 24 young (24576K), 9 survivors (9216K)
 Metaspace       used 153032K, capacity 157353K, committed 157568K, reserved 1187840K
  class space    used 18444K, capacity 19980K, committed 20096K, reserved 1048576K
}
Event: 2082.184 GC heap after
{Heap after GC invocations=126 (full 0):
 garbage-first heap   total 491520K, used 186199K [0x0000000080000000, 0x0000000100000000)
  region size 1024K, 2 young (2048K), 2 survivors (2048K)
 Metaspace       used 153032K, capacity 157353K, committed 157568K, reserved 1187840K
  class space    used 18444K, capacity 19980K, committed 20096K, reserved 1048576K
}
Event: 2090.238 GC heap before
{Heap before GC invocations=126 (full 0):
 garbage-first heap   total 491520K, used 353111K [0x0000000080000000, 0x0000000100000000)
  region size 1024K, 166 young (169984K), 2 survivors (2048K)
 Metaspace       used 154121K, capacity 158394K, committed 158592K, reserved 1187840K
  class space    used 18523K, capacity 20064K, committed 20096K, reserved 1048576K
}
Event: 2090.245 GC heap after
{Heap after GC invocations=127 (full 0):
 garbage-first heap   total 491520K, used 188668K [0x0000000080000000, 0x0000000100000000)
  region size 1024K, 5 young (5120K), 5 survivors (5120K)
 Metaspace       used 154121K, capacity 158394K, committed 158592K, reserved 1187840K
  class space    used 18523K, capacity 20064K, committed 20096K, reserved 1048576K
}
Event: 2101.916 GC heap before
{Heap before GC invocations=127 (full 0):
 garbage-first heap   total 491520K, used 250108K [0x0000000080000000, 0x0000000100000000)
  region size 1024K, 67 young (68608K), 5 survivors (5120K)
 Metaspace       used 154446K, capacity 158875K, committed 159104K, reserved 1187840K
  class space    used 18540K, capacity 20096K, committed 20096K, reserved 1048576K
}
Event: 2101.927 GC heap after
{Heap after GC invocations=128 (full 0):
 garbage-first heap   total 491520K, used 194344K [0x0000000080000000, 0x0000000100000000)
  region size 1024K, 10 young (10240K), 10 survivors (10240K)
 Metaspace       used 154446K, capacity 158875K, committed 159104K, reserved 1187840K
  class space    used 18540K, capacity 20096K, committed 20096K, reserved 1048576K
}
Event: 2102.801 GC heap before
{Heap before GC invocations=129 (full 0):
 garbage-first heap   total 491520K, used 372520K [0x0000000080000000, 0x0000000100000000)
  region size 1024K, 184 young (188416K), 10 survivors (10240K)
 Metaspace       used 154640K, capacity 159103K, committed 159232K, reserved 1187840K
  class space    used 18558K, capacity 20129K, committed 20224K, reserved 1048576K
}
Event: 2102.810 GC heap after
{Heap after GC invocations=130 (full 0):
 garbage-first heap   total 491520K, used 192379K [0x0000000080000000, 0x0000000100000000)
  region size 1024K, 9 young (9216K), 9 survivors (9216K)
 Metaspace       used 154640K, capacity 159103K, committed 159232K, reserved 1187840K
  class space    used 18558K, capacity 20129K, committed 20224K, reserved 1048576K
}
Event: 2103.037 GC heap before
{Heap before GC invocations=130 (full 0):
 garbage-first heap   total 491520K, used 206715K [0x0000000080000000, 0x0000000100000000)
  region size 1024K, 24 young (24576K), 9 survivors (9216K)
 Metaspace       used 154659K, capacity 159116K, committed 159232K, reserved 1187840K
  class space    used 18560K, capacity 20131K, committed 20224K, reserved 1048576K
}
Event: 2103.050 GC heap after
{Heap after GC invocations=131 (full 0):
 garbage-first heap   total 491520K, used 186513K [0x0000000080000000, 0x0000000100000000)
  region size 1024K, 2 young (2048K), 2 survivors (2048K)
 Metaspace       used 154659K, capacity 159116K, committed 159232K, reserved 1187840K
  class space    used 18560K, capacity 20131K, committed 20224K, reserved 1048576K
}

